make all --print-data-base --no-builtin-variables --no-builtin-rules --question
# GNU Make 3.81
# Copyright (C) 2006  Free Software Foundation, Inc.
# This is free software; see the source for copying conditions.
# There is NO warranty; not even for MERCHANTABILITY or FITNESS FOR A
# PARTICULAR PURPOSE.

# This program built for i386-apple-darwin11.3.0
 
make: *** No rule to make target `all'.  Stop.


# Make data base, printed on Tue Aug  9 11:54:23 2022

# Variables

# automatic
<D = $(patsubst %/,%,$(dir $<))
# automatic
?F = $(notdir $?)
# makefile (from `Makefile', line 22)
OBJ = $(SRC:.c=.o)
# makefile (from `Makefile', line 44)
SRC = src/main.c
# automatic
?D = $(patsubst %/,%,$(dir $?))
# automatic
@D = $(patsubst %/,%,$(dir $@))
# automatic
@F = $(notdir $@)
# makefile
CURDIR := /Users/oal-tena/Desktop/mlx_42_example
# makefile
SHELL = /bin/sh
# environment
VSCODE_NLS_CONFIG = {"locale":"en-us","availableLanguages":{},"_languagePackSupport":true}
# makefile (from `Makefile', line 18)
MLX = ./lib/minilibx-linux/libmlx_linux.a
# environment
_ = /usr/bin/make
# makefile (from `Makefile', line 1)
MAKEFILE_LIST :=  Makefile
# makefile (from `Makefile', line 32)
OP = mac
# makefile (from `Makefile', line 21)
OBJ_DIR = package/
# makefile (from `Makefile', line 23)
OBJ_PREFX = $(addprefix $(OBJ_DIR),$(OBJ))
# environment
VSCODE_CWD = /
# environment
PATH = /usr/local/bin:/usr/bin:/bin:/usr/sbin:/sbin:/usr/local/munki
# environment
LSCOLORS = Gxfxcxdxbxegedabagacad
# environment
ELECTRON_RUN_AS_NODE = 1
# default
.FEATURES := target-specific order-only second-expansion else-if archives jobserver check-symlink
# makefile (from `Makefile', line 19)
MACOS = ./lib/macos/libmlx.a
# environment
SSH_AUTH_SOCK = /private/tmp/com.apple.launchd.5wY4Csv0jf/Listeners
# automatic
%F = $(notdir $%)
# makefile (from `Makefile', line 33)
OBJ_L = -I/usr/include -I$(MINILIBX_MACOS)
# environment
PWD = /Users/oal-tena/Desktop/mlx_42_example
# environment
ORIGINAL_XDG_CURRENT_DESKTOP = undefined
# environment
VSCODE_AMD_ENTRYPOINT = vs/workbench/api/node/extensionHostProcess
# environment
HOME = /Users/oal-tena
# default
MAKEFILEPATH = $(shell /usr/bin/xcode-select -print-path 2>/dev/null || echo /Developer)/Makefiles
# environment
VSCODE_CODE_CACHE_PATH = /Users/oal-tena/Library/Application Support/Code/CachedData/da76f93349a72022ca4670c1b84860304616aaa2
# environment
LOGNAME = oal-tena
# environment
APPLICATION_INSIGHTS_NO_DIAGNOSTIC_CHANNEL = 1
# environment
ZSH = /Users/oal-tena/.oh-my-zsh
# environment
VSCODE_HANDLES_UNCAUGHT_ERRORS = true
# automatic
^D = $(patsubst %/,%,$(dir $^))
# environment
XPC_FLAGS = 0x0
# default
MAKE = $(MAKE_COMMAND)
# default
MAKECMDGOALS := all
# environment
SHLVL = 1
# makefile (from `Makefile', line 26)
CC = gcc -g -O0
# default
MAKE_VERSION := 3.81
# environment
USER = oal-tena
# makefile
.DEFAULT_GOAL := exmaple
# makefile (from `Makefile', line 15)
MINILIBX_PATH = lib/minilibx-linux
# makefile (from `Makefile', line 13)
NAME = exmaple
# makefile (from `Makefile', line 34)
NAME_L = $(MACOS) -framework OpenGL -framework AppKit
# makefile (from `Makefile', line 35)
H_L = ${MACOS}
# makefile (from `Makefile', line 16)
MINILIBX_MACOS = lib/macos
# environment
LESS = -R
# automatic
%D = $(patsubst %/,%,$(dir $%))
# default
MAKE_COMMAND := /Library/Developer/CommandLineTools/usr/bin/make
# default
.VARIABLES := 
# environment
TMPDIR = /var/folders/zz/zyxvpxvq6csfxvn_n000c_mc0032n3/T/
# automatic
*F = $(notdir $*)
# makefile (from `Makefile', line 30)
OS = $(shell uname)
# environment
VSCODE_IPC_HOOK = /Users/oal-tena/Library/Application Support/Code/1.70.0-main.sock
# environment
MallocNanoZone = 0
# makefile
MAKEFLAGS = Rrqp
# environment
MFLAGS = -Rrqp
# automatic
*D = $(patsubst %/,%,$(dir $*))
# environment
XPC_SERVICE_NAME = com.microsoft.VSCode.2616
# automatic
+D = $(patsubst %/,%,$(dir $+))
# automatic
+F = $(notdir $+)
# environment
__CF_USER_TEXT_ENCODING = 0x18AA3:0x0:0x0
# default
MAKEFILES := 
# makefile (from `Makefile', line 25)
CC_FLAG = -Wall -Wextra -Werror
# automatic
<F = $(notdir $<)
# environment
PAGER = less
# environment
LC_ALL = C
# automatic
^F = $(notdir $^)
# default
SUFFIXES := 
# default
.INCLUDE_DIRS = /usr/local/include
# environment
MAKELEVEL := 0
# environment
LANG = C
# environment
VSCODE_PID = 64389
# variable set hash-table stats:
# Load=76/1024=7%, Rehash=0, Collisions=5/112=4%

# Pattern-specific Variable Values

# No pattern-specific variable values.

# Directories

# . (device 16777225, inode 3081253): 14 files, no impossibilities.

# 14 files, no impossibilities in 1 directories.

# Implicit Rules

package/%.o: %.c include/mlx_example.h
#  commands to execute (from `Makefile', line 50):
	@echo "Compiling $(<)"
	@mkdir -p $(OBJ_DIR)/src
	@echo "Compiling: $<"
	@$(CC) $(CC_FLAGS) ${OBJ_L} -c $< -o $@
	

# 1 implicit rules, 0 (0.0%) terminal.

# Files

exmaple: package/src/main.o lib/macos/libmlx.a
#  Implicit rule search has not been done.
#  Modification time never checked.
#  File has not been updated.
#  commands to execute (from `Makefile', line 56):
	$(CC)  $(OBJ_PREFX) ${NAME_L} -o $(NAME)
	@echo "make done !"
	

# Not a target:
package/src/main.o:
#  Implicit rule search has not been done.
#  Modification time never checked.
#  File has not been updated.

# Not a target:
all:
#  Command-line target.
#  Implicit rule search has been done.
#  File does not exist.
#  File has not been updated.
# variable set hash-table stats:
# Load=0/32=0%, Rehash=0, Collisions=0/0=0%

window: exmaple
#  Implicit rule search has not been done.
#  Modification time never checked.
#  File has not been updated.
#  commands to execute (from `Makefile', line 60):
	$(CC)  ./src/create_windows.c ${NAME_L} -o windows
	@echo "make done !"
	

# Not a target:
.SUFFIXES:
#  Implicit rule search has not been done.
#  Modification time never checked.
#  File has not been updated.

# Not a target:
Makefile:
#  Implicit rule search has been done.
#  Last modified 2022-08-09 11:54:12
#  File has been updated.
#  Successfully updated.
# variable set hash-table stats:
# Load=0/32=0%, Rehash=0, Collisions=0/0=0%

fclean:
#  Implicit rule search has not been done.
#  Modification time never checked.
#  File has not been updated.
#  commands to execute (from `Makefile', line 67):
	rm -f $(NAME)
	

# Not a target:
.DEFAULT:
#  Implicit rule search has not been done.
#  Modification time never checked.
#  File has not been updated.

re: fclean clean all
#  Implicit rule search has not been done.
#  Modification time never checked.
#  File has not been updated.

clean:
#  Implicit rule search has not been done.
#  Modification time never checked.
#  File has not been updated.
#  commands to execute (from `Makefile', line 63):
	@rm -rf $(OBJ_DIR)
	

# Not a target:
lib/macos/libmlx.a:
#  Implicit rule search has not been done.
#  Modification time never checked.
#  File has not been updated.

# files hash-table stats:
# Load=11/1024=1%, Rehash=0, Collisions=0/29=0%
# VPATH Search Paths

# No `vpath' search paths.

# No general (`VPATH' variable) search path.

# # of strings in strcache: 1
# # of strcache buffers: 1
# strcache size: total = 4096 / max = 4096 / min = 4096 / avg = 4096
# strcache free: total = 4087 / max = 4087 / min = 4087 / avg = 4087

# Finished Make data base on Tue Aug  9 11:54:23 2022

 
